  PracticaUnidad4.2.cpp
C:\Users\Operador\Desktop\Angel Ríos\trabajos practicos\facultad\mavi\PracticaUnidad4\PracticaUnidad4\PracticaUnidad4.2\PracticaUnidad4.2.cpp(23,49): warning C4244: 'argumento': conversión de 'int' a 'T'; posible pérdida de datos
C:\Users\Operador\Desktop\Angel Ríos\trabajos practicos\facultad\mavi\PracticaUnidad4\PracticaUnidad4\PracticaUnidad4.2\PracticaUnidad4.2.cpp(23,49): warning C4244:         with
C:\Users\Operador\Desktop\Angel Ríos\trabajos practicos\facultad\mavi\PracticaUnidad4\PracticaUnidad4\PracticaUnidad4.2\PracticaUnidad4.2.cpp(23,49): warning C4244:         [
C:\Users\Operador\Desktop\Angel Ríos\trabajos practicos\facultad\mavi\PracticaUnidad4\PracticaUnidad4\PracticaUnidad4.2\PracticaUnidad4.2.cpp(23,49): warning C4244:             T=float
C:\Users\Operador\Desktop\Angel Ríos\trabajos practicos\facultad\mavi\PracticaUnidad4\PracticaUnidad4\PracticaUnidad4.2\PracticaUnidad4.2.cpp(23,49): warning C4244:         ]
C:\Users\Operador\Desktop\Angel Ríos\trabajos practicos\facultad\mavi\PracticaUnidad4\PracticaUnidad4\PracticaUnidad4.2\PracticaUnidad4.2.cpp(23,33): warning C4244: 'argumento': conversión de 'int' a 'T'; posible pérdida de datos
C:\Users\Operador\Desktop\Angel Ríos\trabajos practicos\facultad\mavi\PracticaUnidad4\PracticaUnidad4\PracticaUnidad4.2\PracticaUnidad4.2.cpp(23,33): warning C4244:         with
C:\Users\Operador\Desktop\Angel Ríos\trabajos practicos\facultad\mavi\PracticaUnidad4\PracticaUnidad4\PracticaUnidad4.2\PracticaUnidad4.2.cpp(23,33): warning C4244:         [
C:\Users\Operador\Desktop\Angel Ríos\trabajos practicos\facultad\mavi\PracticaUnidad4\PracticaUnidad4\PracticaUnidad4.2\PracticaUnidad4.2.cpp(23,33): warning C4244:             T=float
C:\Users\Operador\Desktop\Angel Ríos\trabajos practicos\facultad\mavi\PracticaUnidad4\PracticaUnidad4\PracticaUnidad4.2\PracticaUnidad4.2.cpp(23,33): warning C4244:         ]
C:\Users\Operador\Desktop\Angel Ríos\trabajos practicos\facultad\mavi\PracticaUnidad4\PracticaUnidad4\PracticaUnidad4.2\PracticaUnidad4.2.cpp(41,23): warning C4244: 'inicializando': conversión de 'T' a 'float'; posible pérdida de datos
C:\Users\Operador\Desktop\Angel Ríos\trabajos practicos\facultad\mavi\PracticaUnidad4\PracticaUnidad4\PracticaUnidad4.2\PracticaUnidad4.2.cpp(41,23): warning C4244:         with
C:\Users\Operador\Desktop\Angel Ríos\trabajos practicos\facultad\mavi\PracticaUnidad4\PracticaUnidad4\PracticaUnidad4.2\PracticaUnidad4.2.cpp(41,23): warning C4244:         [
C:\Users\Operador\Desktop\Angel Ríos\trabajos practicos\facultad\mavi\PracticaUnidad4\PracticaUnidad4\PracticaUnidad4.2\PracticaUnidad4.2.cpp(41,23): warning C4244:             T=unsigned int
C:\Users\Operador\Desktop\Angel Ríos\trabajos practicos\facultad\mavi\PracticaUnidad4\PracticaUnidad4\PracticaUnidad4.2\PracticaUnidad4.2.cpp(41,23): warning C4244:         ]
C:\Users\Operador\Desktop\Angel Ríos\trabajos practicos\facultad\mavi\PracticaUnidad4\PracticaUnidad4\PracticaUnidad4.2\PracticaUnidad4.2.cpp(42,22): warning C4244: 'inicializando': conversión de 'T' a 'float'; posible pérdida de datos
C:\Users\Operador\Desktop\Angel Ríos\trabajos practicos\facultad\mavi\PracticaUnidad4\PracticaUnidad4\PracticaUnidad4.2\PracticaUnidad4.2.cpp(42,22): warning C4244:         with
C:\Users\Operador\Desktop\Angel Ríos\trabajos practicos\facultad\mavi\PracticaUnidad4\PracticaUnidad4\PracticaUnidad4.2\PracticaUnidad4.2.cpp(42,22): warning C4244:         [
C:\Users\Operador\Desktop\Angel Ríos\trabajos practicos\facultad\mavi\PracticaUnidad4\PracticaUnidad4\PracticaUnidad4.2\PracticaUnidad4.2.cpp(42,22): warning C4244:             T=unsigned int
C:\Users\Operador\Desktop\Angel Ríos\trabajos practicos\facultad\mavi\PracticaUnidad4\PracticaUnidad4\PracticaUnidad4.2\PracticaUnidad4.2.cpp(42,22): warning C4244:         ]
C:\Users\Operador\Desktop\Angel Ríos\trabajos practicos\facultad\mavi\PracticaUnidad4\PracticaUnidad4\PracticaUnidad4.2\PracticaUnidad4.2.cpp(45,45): warning C4244: 'argumento': conversión de 'double' a 'float'; posible pérdida de datos
C:\Users\Operador\Desktop\Angel Ríos\trabajos practicos\facultad\mavi\PracticaUnidad4\PracticaUnidad4\PracticaUnidad4.2\PracticaUnidad4.2.cpp(45,23): warning C4244: 'argumento': conversión de 'double' a 'float'; posible pérdida de datos
C:\Users\Operador\Desktop\Angel Ríos\trabajos practicos\facultad\mavi\PracticaUnidad4\PracticaUnidad4\PracticaUnidad4.2\PracticaUnidad4.2.cpp(46,46): warning C4244: 'argumento': conversión de 'double' a 'float'; posible pérdida de datos
C:\Users\Operador\Desktop\Angel Ríos\trabajos practicos\facultad\mavi\PracticaUnidad4\PracticaUnidad4\PracticaUnidad4.2\PracticaUnidad4.2.cpp(46,24): warning C4244: 'argumento': conversión de 'double' a 'float'; posible pérdida de datos
C:\Users\Operador\Desktop\Angel Ríos\trabajos practicos\facultad\mavi\PracticaUnidad4\PracticaUnidad4\PracticaUnidad4.2\PracticaUnidad4.2.cpp(47,46): warning C4244: 'argumento': conversión de 'double' a 'float'; posible pérdida de datos
C:\Users\Operador\Desktop\Angel Ríos\trabajos practicos\facultad\mavi\PracticaUnidad4\PracticaUnidad4\PracticaUnidad4.2\PracticaUnidad4.2.cpp(47,24): warning C4244: 'argumento': conversión de 'double' a 'float'; posible pérdida de datos
C:\Users\Operador\Desktop\Angel Ríos\trabajos practicos\facultad\mavi\PracticaUnidad4\PracticaUnidad4\PracticaUnidad4.2\PracticaUnidad4.2.cpp(48,46): warning C4244: 'argumento': conversión de 'double' a 'float'; posible pérdida de datos
C:\Users\Operador\Desktop\Angel Ríos\trabajos practicos\facultad\mavi\PracticaUnidad4\PracticaUnidad4\PracticaUnidad4.2\PracticaUnidad4.2.cpp(48,24): warning C4244: 'argumento': conversión de 'double' a 'float'; posible pérdida de datos
C:\Users\Operador\Desktop\Angel Ríos\trabajos practicos\facultad\mavi\PracticaUnidad4\PracticaUnidad4\PracticaUnidad4.2\PracticaUnidad4.2.cpp(55,26): warning C4244: 'argumento': conversión de 'int' a 'float'; posible pérdida de datos
C:\Users\Operador\Desktop\Angel Ríos\trabajos practicos\facultad\mavi\PracticaUnidad4\PracticaUnidad4\PracticaUnidad4.2\PracticaUnidad4.2.cpp(56,22): warning C4244: 'argumento': conversión de 'int' a 'float'; posible pérdida de datos
C:\Users\Operador\Desktop\Angel Ríos\trabajos practicos\facultad\mavi\PracticaUnidad4\PracticaUnidad4\PracticaUnidad4.2\PracticaUnidad4.2.cpp(57,37): warning C4244: 'argumento': conversión de 'int' a 'float'; posible pérdida de datos
C:\Users\Operador\Desktop\Angel Ríos\trabajos practicos\facultad\mavi\PracticaUnidad4\PracticaUnidad4\PracticaUnidad4.2\PracticaUnidad4.2.cpp(57,22): warning C4244: 'argumento': conversión de 'int' a 'float'; posible pérdida de datos
C:\Users\Operador\Desktop\Angel Ríos\trabajos practicos\facultad\mavi\PracticaUnidad4\PracticaUnidad4\PracticaUnidad4.2\PracticaUnidad4.2.cpp(83,55): warning C4244: 'argumento': conversión de 'int' a 'float'; posible pérdida de datos
C:\Users\Operador\Desktop\Angel Ríos\trabajos practicos\facultad\mavi\PracticaUnidad4\PracticaUnidad4\PracticaUnidad4.2\PracticaUnidad4.2.cpp(83,38): warning C4244: 'argumento': conversión de 'int' a 'float'; posible pérdida de datos
C:\Users\Operador\Desktop\Angel Ríos\trabajos practicos\facultad\mavi\PracticaUnidad4\PracticaUnidad4\PracticaUnidad4.2\PracticaUnidad4.2.cpp(86,56): warning C4244: 'argumento': conversión de 'int' a 'float'; posible pérdida de datos
C:\Users\Operador\Desktop\Angel Ríos\trabajos practicos\facultad\mavi\PracticaUnidad4\PracticaUnidad4\PracticaUnidad4.2\PracticaUnidad4.2.cpp(86,39): warning C4244: 'argumento': conversión de 'int' a 'float'; posible pérdida de datos
C:\Users\Operador\Desktop\Angel Ríos\trabajos practicos\facultad\mavi\PracticaUnidad4\PracticaUnidad4\PracticaUnidad4.2\PracticaUnidad4.2.cpp(89,56): warning C4244: 'argumento': conversión de 'int' a 'float'; posible pérdida de datos
C:\Users\Operador\Desktop\Angel Ríos\trabajos practicos\facultad\mavi\PracticaUnidad4\PracticaUnidad4\PracticaUnidad4.2\PracticaUnidad4.2.cpp(89,39): warning C4244: 'argumento': conversión de 'int' a 'float'; posible pérdida de datos
C:\Users\Operador\Desktop\Angel Ríos\trabajos practicos\facultad\mavi\PracticaUnidad4\PracticaUnidad4\PracticaUnidad4.2\PracticaUnidad4.2.cpp(92,56): warning C4244: 'argumento': conversión de 'int' a 'float'; posible pérdida de datos
C:\Users\Operador\Desktop\Angel Ríos\trabajos practicos\facultad\mavi\PracticaUnidad4\PracticaUnidad4\PracticaUnidad4.2\PracticaUnidad4.2.cpp(92,39): warning C4244: 'argumento': conversión de 'int' a 'float'; posible pérdida de datos
  PracticaUnidad4.2.vcxproj -> C:\Users\Operador\Desktop\Angel Ríos\trabajos practicos\facultad\mavi\PracticaUnidad4\PracticaUnidad4\PracticaUnidad4.2\Debug\PracticaUnidad4.2.exe
